2022-05-16 17:59:06,141:INFO:Initializing load_model()
2022-05-16 17:59:06,142:INFO:load_model(model_name=model, platform=None, authentication=None, verbose=True)
2022-05-16 17:59:10,689:INFO:Initializing load_model()
2022-05-16 17:59:10,690:INFO:load_model(model_name=model, platform=None, authentication=None, verbose=True)
2022-05-17 11:31:47,990:INFO:Initializing load_model()
2022-05-17 11:31:47,990:INFO:load_model(model_name=model, platform=None, authentication=None, verbose=True)
2022-05-17 11:31:52,358:INFO:Initializing load_model()
2022-05-17 11:31:52,359:INFO:load_model(model_name=model, platform=None, authentication=None, verbose=True)
2022-05-17 11:34:22,786:INFO:Initializing predict_model()
2022-05-17 11:34:22,786:INFO:predict_model(estimator=Pipeline(steps=[('dtypes',
                 DataTypes_Auto_infer(display_types=False,
                                      ml_usecase='classification',
                                      target='default')),
                ('imputer',
                 Simple_Imputer(categorical_strategy='not_available',
                                fill_value_categorical=None,
                                fill_value_numerical=None,
                                numeric_strategy='mean',
                                target_variable=None)),
                ('new_levels1',
                 New_Catagorical_Levels_in_TestData(replacement_strategy='...
                ('clean_names', Clean_Colum_Names()),
                ('feature_select', 'passthrough'), ('fix_multi', 'passthrough'),
                ('dfs', 'passthrough'), ('pca', 'passthrough'),
                ['trained_model',
                 RandomForestClassifier(bootstrap=False, class_weight={},
                                        criterion='entropy', max_depth=5,
                                        max_features=1.0,
                                        min_impurity_decrease=0.0002,
                                        min_samples_leaf=5,
                                        min_samples_split=10, n_estimators=150,
                                        n_jobs=-1, random_state=123)]]), probability_threshold=None, encoded_labels=True, drift_report=False, raw_score=False, round=0, verbose=True, ml_usecase=MLUsecase.REGRESSION, display=None, drift_kwargs=None)
2022-05-17 11:34:22,787:INFO:Checking exceptions
2022-05-17 11:34:22,787:INFO:Preloading libraries
2022-05-17 12:13:34,382:INFO:Initializing load_model()
2022-05-17 12:13:34,383:INFO:load_model(model_name=model, platform=None, authentication=None, verbose=True)
2022-05-17 12:13:38,821:INFO:Initializing load_model()
2022-05-17 12:13:38,822:INFO:load_model(model_name=model, platform=None, authentication=None, verbose=True)
2022-05-17 12:14:44,254:INFO:Initializing load_model()
2022-05-17 12:14:44,255:INFO:load_model(model_name=model, platform=None, authentication=None, verbose=True)
2022-05-17 12:14:48,626:INFO:Initializing load_model()
2022-05-17 12:14:48,626:INFO:load_model(model_name=model, platform=None, authentication=None, verbose=True)
2022-05-17 12:23:28,780:INFO:Initializing load_model()
2022-05-17 12:23:28,780:INFO:load_model(model_name=model, platform=None, authentication=None, verbose=True)
2022-05-17 12:23:33,528:INFO:Initializing load_model()
2022-05-17 12:23:33,528:INFO:load_model(model_name=model, platform=None, authentication=None, verbose=True)
2022-05-17 12:25:50,336:INFO:Initializing load_model()
2022-05-17 12:25:50,336:INFO:load_model(model_name=model, platform=None, authentication=None, verbose=True)
2022-05-17 12:25:54,912:INFO:Initializing load_model()
2022-05-17 12:25:54,912:INFO:load_model(model_name=model, platform=None, authentication=None, verbose=True)
2022-05-17 12:37:53,534:INFO:Initializing load_model()
2022-05-17 12:37:53,534:INFO:load_model(model_name=model, platform=None, authentication=None, verbose=True)
2022-05-17 12:37:57,918:INFO:Initializing load_model()
2022-05-17 12:37:57,919:INFO:load_model(model_name=model, platform=None, authentication=None, verbose=True)
2022-05-17 12:43:02,035:INFO:Initializing load_model()
2022-05-17 12:43:02,035:INFO:load_model(model_name=model, platform=None, authentication=None, verbose=True)
2022-05-17 12:43:06,639:INFO:Initializing load_model()
2022-05-17 12:43:06,640:INFO:load_model(model_name=model, platform=None, authentication=None, verbose=True)
2022-05-17 12:55:58,226:INFO:Initializing load_model()
2022-05-17 12:55:58,226:INFO:load_model(model_name=model, platform=None, authentication=None, verbose=True)
2022-05-17 12:56:02,613:INFO:Initializing load_model()
2022-05-17 12:56:02,613:INFO:load_model(model_name=model, platform=None, authentication=None, verbose=True)
2022-05-17 13:07:44,003:INFO:Initializing load_model()
2022-05-17 13:07:44,004:INFO:load_model(model_name=model, platform=None, authentication=None, verbose=True)
2022-05-17 13:07:48,293:INFO:Initializing load_model()
2022-05-17 13:07:48,293:INFO:load_model(model_name=model, platform=None, authentication=None, verbose=True)
2022-05-17 13:09:49,980:INFO:Initializing load_model()
2022-05-17 13:09:49,981:INFO:load_model(model_name=model, platform=None, authentication=None, verbose=True)
2022-05-17 13:09:54,374:INFO:Initializing load_model()
2022-05-17 13:09:54,375:INFO:load_model(model_name=model, platform=None, authentication=None, verbose=True)
2022-05-17 13:11:42,117:INFO:Initializing load_model()
2022-05-17 13:11:42,117:INFO:load_model(model_name=model, platform=None, authentication=None, verbose=True)
2022-05-17 13:11:46,462:INFO:Initializing load_model()
2022-05-17 13:11:46,462:INFO:load_model(model_name=model, platform=None, authentication=None, verbose=True)
2022-05-17 13:14:02,286:INFO:Initializing load_model()
2022-05-17 13:14:02,287:INFO:load_model(model_name=model, platform=None, authentication=None, verbose=True)
2022-05-17 13:14:06,804:INFO:Initializing load_model()
2022-05-17 13:14:06,804:INFO:load_model(model_name=model, platform=None, authentication=None, verbose=True)
2022-05-17 13:16:24,441:INFO:Initializing load_model()
2022-05-17 13:16:24,441:INFO:load_model(model_name=model, platform=None, authentication=None, verbose=True)
2022-05-17 13:16:28,854:INFO:Initializing load_model()
2022-05-17 13:16:28,855:INFO:load_model(model_name=model, platform=None, authentication=None, verbose=True)
2022-05-17 13:19:25,396:INFO:Initializing load_model()
2022-05-17 13:19:25,396:INFO:load_model(model_name=model, platform=None, authentication=None, verbose=True)
2022-05-17 13:19:29,777:INFO:Initializing load_model()
2022-05-17 13:19:29,778:INFO:load_model(model_name=model, platform=None, authentication=None, verbose=True)
2022-05-17 13:41:55,028:INFO:Initializing load_model()
2022-05-17 13:41:55,029:INFO:load_model(model_name=model, platform=None, authentication=None, verbose=True)
2022-05-17 13:41:59,830:INFO:Initializing load_model()
2022-05-17 13:41:59,830:INFO:load_model(model_name=model, platform=None, authentication=None, verbose=True)
2022-05-17 13:52:24,893:INFO:Initializing load_model()
2022-05-17 13:52:24,893:INFO:load_model(model_name=model, platform=None, authentication=None, verbose=True)
2022-05-17 13:52:29,362:INFO:Initializing load_model()
2022-05-17 13:52:29,363:INFO:load_model(model_name=model, platform=None, authentication=None, verbose=True)
2022-05-17 13:53:40,963:INFO:Initializing predict_model()
2022-05-17 13:53:40,963:INFO:predict_model(estimator=Pipeline(steps=[('dtypes',
                 DataTypes_Auto_infer(display_types=False,
                                      ml_usecase='classification',
                                      target='default')),
                ('imputer',
                 Simple_Imputer(categorical_strategy='not_available',
                                fill_value_categorical=None,
                                fill_value_numerical=None,
                                numeric_strategy='mean',
                                target_variable=None)),
                ('new_levels1',
                 New_Catagorical_Levels_in_TestData(replacement_strategy='...
                ('clean_names', Clean_Colum_Names()),
                ('feature_select', 'passthrough'), ('fix_multi', 'passthrough'),
                ('dfs', 'passthrough'), ('pca', 'passthrough'),
                ['trained_model',
                 RandomForestClassifier(bootstrap=False, class_weight={},
                                        criterion='entropy', max_depth=5,
                                        max_features=1.0,
                                        min_impurity_decrease=0.0002,
                                        min_samples_leaf=5,
                                        min_samples_split=10, n_estimators=150,
                                        n_jobs=-1, random_state=123)]]), probability_threshold=None, encoded_labels=True, drift_report=False, raw_score=False, round=0, verbose=True, ml_usecase=MLUsecase.REGRESSION, display=None, drift_kwargs=None)
2022-05-17 13:53:40,964:INFO:Checking exceptions
2022-05-17 13:53:40,964:INFO:Preloading libraries
2022-05-17 13:55:08,717:INFO:Initializing load_model()
2022-05-17 13:55:08,717:INFO:load_model(model_name=model, platform=None, authentication=None, verbose=True)
2022-05-17 14:13:39,383:INFO:Initializing load_model()
2022-05-17 14:13:39,383:INFO:load_model(model_name=model, platform=None, authentication=None, verbose=True)
2022-05-17 14:13:43,907:INFO:Initializing load_model()
2022-05-17 14:13:43,907:INFO:load_model(model_name=model, platform=None, authentication=None, verbose=True)
2022-05-17 14:14:20,008:INFO:Initializing load_model()
2022-05-17 14:14:20,008:INFO:load_model(model_name=model, platform=None, authentication=None, verbose=True)
2022-05-17 14:14:24,376:INFO:Initializing load_model()
2022-05-17 14:14:24,376:INFO:load_model(model_name=model, platform=None, authentication=None, verbose=True)
2022-05-17 14:14:49,743:INFO:Initializing load_model()
2022-05-17 14:14:49,744:INFO:load_model(model_name=model, platform=None, authentication=None, verbose=True)
2022-05-17 14:14:54,282:INFO:Initializing load_model()
2022-05-17 14:14:54,282:INFO:load_model(model_name=model, platform=None, authentication=None, verbose=True)
2022-05-17 16:47:04,676:INFO:Initializing load_model()
2022-05-17 16:47:04,677:INFO:load_model(model_name=model, platform=None, authentication=None, verbose=True)
2022-05-17 16:47:09,091:INFO:Initializing load_model()
2022-05-17 16:47:09,091:INFO:load_model(model_name=model, platform=None, authentication=None, verbose=True)
2022-05-17 16:47:52,985:INFO:Initializing load_model()
2022-05-17 16:47:52,986:INFO:load_model(model_name=model, platform=None, authentication=None, verbose=True)
2022-05-17 16:47:57,654:INFO:Initializing load_model()
2022-05-17 16:47:57,654:INFO:load_model(model_name=model, platform=None, authentication=None, verbose=True)
2022-05-17 19:25:28,314:INFO:Initializing load_model()
2022-05-17 19:25:28,314:INFO:load_model(model_name=model, platform=None, authentication=None, verbose=True)
2022-05-17 19:25:32,923:INFO:Initializing load_model()
2022-05-17 19:25:32,923:INFO:load_model(model_name=model, platform=None, authentication=None, verbose=True)
2022-05-17 19:28:26,496:INFO:Initializing load_model()
2022-05-17 19:28:26,497:INFO:load_model(model_name=model, platform=None, authentication=None, verbose=True)
2022-05-17 19:28:31,250:INFO:Initializing load_model()
2022-05-17 19:28:31,250:INFO:load_model(model_name=model, platform=None, authentication=None, verbose=True)
2022-05-17 19:31:04,939:INFO:Initializing load_model()
2022-05-17 19:31:04,940:INFO:load_model(model_name=model, platform=None, authentication=None, verbose=True)
2022-05-17 19:32:25,207:INFO:Initializing load_model()
2022-05-17 19:32:25,208:INFO:load_model(model_name=model, platform=None, authentication=None, verbose=True)
2022-05-17 19:32:29,869:INFO:Initializing load_model()
2022-05-17 19:32:29,869:INFO:load_model(model_name=model, platform=None, authentication=None, verbose=True)
2022-05-17 19:35:38,995:INFO:Initializing load_model()
2022-05-17 19:35:38,995:INFO:load_model(model_name=model, platform=None, authentication=None, verbose=True)
2022-05-17 19:35:43,660:INFO:Initializing load_model()
2022-05-17 19:35:43,660:INFO:load_model(model_name=model, platform=None, authentication=None, verbose=True)
2022-05-17 19:37:52,849:INFO:Initializing load_model()
2022-05-17 19:37:52,850:INFO:load_model(model_name=model, platform=None, authentication=None, verbose=True)
2022-05-17 19:38:05,853:INFO:Initializing load_model()
2022-05-17 19:38:05,853:INFO:load_model(model_name=model, platform=None, authentication=None, verbose=True)
2022-05-17 19:38:10,606:INFO:Initializing load_model()
2022-05-17 19:38:10,607:INFO:load_model(model_name=model, platform=None, authentication=None, verbose=True)
2022-05-17 19:46:33,429:INFO:Initializing load_model()
2022-05-17 19:46:33,430:INFO:load_model(model_name=model, platform=None, authentication=None, verbose=True)
2022-05-17 19:46:37,816:INFO:Initializing load_model()
2022-05-17 19:46:37,817:INFO:load_model(model_name=model, platform=None, authentication=None, verbose=True)
2022-05-17 21:54:56,854:INFO:Initializing load_model()
2022-05-17 21:54:56,855:INFO:load_model(model_name=model, platform=None, authentication=None, verbose=True)
2022-05-17 21:55:01,455:INFO:Initializing load_model()
2022-05-17 21:55:01,455:INFO:load_model(model_name=model, platform=None, authentication=None, verbose=True)
2022-05-17 21:56:27,434:INFO:Initializing predict_model()
2022-05-17 21:56:27,435:INFO:predict_model(estimator=Pipeline(steps=[('dtypes',
                 DataTypes_Auto_infer(display_types=False,
                                      ml_usecase='classification',
                                      target='default')),
                ('imputer',
                 Simple_Imputer(categorical_strategy='not_available',
                                fill_value_categorical=None,
                                fill_value_numerical=None,
                                numeric_strategy='mean',
                                target_variable=None)),
                ('new_levels1',
                 New_Catagorical_Levels_in_TestData(replacement_strategy='...
                ('clean_names', Clean_Colum_Names()),
                ('feature_select', 'passthrough'), ('fix_multi', 'passthrough'),
                ('dfs', 'passthrough'), ('pca', 'passthrough'),
                ['trained_model',
                 RandomForestClassifier(bootstrap=False, class_weight={},
                                        criterion='entropy', max_depth=5,
                                        max_features=1.0,
                                        min_impurity_decrease=0.0002,
                                        min_samples_leaf=5,
                                        min_samples_split=10, n_estimators=150,
                                        n_jobs=-1, random_state=123)]]), probability_threshold=None, encoded_labels=True, drift_report=False, raw_score=False, round=0, verbose=True, ml_usecase=MLUsecase.REGRESSION, display=None, drift_kwargs=None)
2022-05-17 21:56:27,435:INFO:Checking exceptions
2022-05-17 21:56:27,435:INFO:Preloading libraries
2022-05-17 22:53:49,055:INFO:Initializing load_model()
2022-05-17 22:53:49,056:INFO:load_model(model_name=model, platform=None, authentication=None, verbose=True)
2022-05-18 18:43:26,176:INFO:Initializing load_model()
2022-05-18 18:43:26,176:INFO:load_model(model_name=model, platform=None, authentication=None, verbose=True)
2022-05-18 18:43:30,727:INFO:Initializing load_model()
2022-05-18 18:43:30,727:INFO:load_model(model_name=model, platform=None, authentication=None, verbose=True)
2022-05-18 18:45:08,434:INFO:Initializing load_model()
2022-05-18 18:45:08,434:INFO:load_model(model_name=model, platform=None, authentication=None, verbose=True)
2022-05-18 18:45:12,975:INFO:Initializing load_model()
2022-05-18 18:45:12,975:INFO:load_model(model_name=model, platform=None, authentication=None, verbose=True)
2022-05-18 18:46:27,957:INFO:Initializing predict_model()
2022-05-18 18:46:27,957:INFO:predict_model(estimator=Pipeline(steps=[('dtypes',
                 DataTypes_Auto_infer(display_types=False,
                                      ml_usecase='classification',
                                      target='default')),
                ('imputer',
                 Simple_Imputer(categorical_strategy='not_available',
                                fill_value_categorical=None,
                                fill_value_numerical=None,
                                numeric_strategy='mean',
                                target_variable=None)),
                ('new_levels1',
                 New_Catagorical_Levels_in_TestData(replacement_strategy='...
                ('clean_names', Clean_Colum_Names()),
                ('feature_select', 'passthrough'), ('fix_multi', 'passthrough'),
                ('dfs', 'passthrough'), ('pca', 'passthrough'),
                ['trained_model',
                 RandomForestClassifier(bootstrap=False, class_weight={},
                                        criterion='entropy', max_depth=5,
                                        max_features=1.0,
                                        min_impurity_decrease=0.0002,
                                        min_samples_leaf=5,
                                        min_samples_split=10, n_estimators=150,
                                        n_jobs=-1, random_state=123)]]), probability_threshold=None, encoded_labels=True, drift_report=False, raw_score=False, round=0, verbose=True, ml_usecase=MLUsecase.REGRESSION, display=None, drift_kwargs=None)
2022-05-18 18:46:27,957:INFO:Checking exceptions
2022-05-18 18:46:27,957:INFO:Preloading libraries
2022-05-18 18:53:13,074:INFO:Initializing load_model()
2022-05-18 18:53:13,075:INFO:load_model(model_name=model, platform=None, authentication=None, verbose=True)
2022-05-18 18:53:17,538:INFO:Initializing load_model()
2022-05-18 18:53:17,538:INFO:load_model(model_name=model, platform=None, authentication=None, verbose=True)
2022-05-18 18:57:20,105:INFO:Initializing load_model()
2022-05-18 18:57:20,105:INFO:load_model(model_name=model, platform=None, authentication=None, verbose=True)
2022-05-18 18:57:24,671:INFO:Initializing load_model()
2022-05-18 18:57:24,671:INFO:load_model(model_name=model, platform=None, authentication=None, verbose=True)
2022-05-18 19:01:23,608:INFO:Initializing load_model()
2022-05-18 19:01:23,608:INFO:load_model(model_name=model, platform=None, authentication=None, verbose=True)
2022-05-18 19:01:28,069:INFO:Initializing load_model()
2022-05-18 19:01:28,069:INFO:load_model(model_name=model, platform=None, authentication=None, verbose=True)
2022-05-18 19:02:13,665:INFO:Initializing load_model()
2022-05-18 19:02:13,665:INFO:load_model(model_name=model, platform=None, authentication=None, verbose=True)
2022-05-18 19:02:18,338:INFO:Initializing load_model()
2022-05-18 19:02:18,339:INFO:load_model(model_name=model, platform=None, authentication=None, verbose=True)
2022-05-18 19:03:37,187:INFO:Initializing load_model()
2022-05-18 19:03:37,188:INFO:load_model(model_name=model, platform=None, authentication=None, verbose=True)
2022-05-18 19:03:41,899:INFO:Initializing load_model()
2022-05-18 19:03:41,899:INFO:load_model(model_name=model, platform=None, authentication=None, verbose=True)
2022-05-18 19:04:08,992:INFO:Initializing load_model()
2022-05-18 19:04:08,992:INFO:load_model(model_name=model, platform=None, authentication=None, verbose=True)
2022-05-18 19:04:13,528:INFO:Initializing load_model()
2022-05-18 19:04:13,528:INFO:load_model(model_name=model, platform=None, authentication=None, verbose=True)
2022-05-18 19:05:52,348:INFO:Initializing load_model()
2022-05-18 19:05:52,349:INFO:load_model(model_name=model, platform=None, authentication=None, verbose=True)
2022-05-18 19:05:56,703:INFO:Initializing load_model()
2022-05-18 19:05:56,704:INFO:load_model(model_name=model, platform=None, authentication=None, verbose=True)
2022-05-18 19:06:41,272:INFO:Initializing load_model()
2022-05-18 19:06:41,272:INFO:load_model(model_name=model, platform=None, authentication=None, verbose=True)
2022-05-18 19:06:45,758:INFO:Initializing load_model()
2022-05-18 19:06:45,759:INFO:load_model(model_name=model, platform=None, authentication=None, verbose=True)
2022-05-18 19:07:29,892:INFO:Initializing load_model()
2022-05-18 19:07:29,892:INFO:load_model(model_name=model, platform=None, authentication=None, verbose=True)
2022-05-18 19:07:34,268:INFO:Initializing load_model()
2022-05-18 19:07:34,268:INFO:load_model(model_name=model, platform=None, authentication=None, verbose=True)
2022-05-18 19:08:50,262:INFO:Initializing predict_model()
2022-05-18 19:08:50,262:INFO:predict_model(estimator=Pipeline(steps=[('dtypes',
                 DataTypes_Auto_infer(display_types=False,
                                      ml_usecase='classification',
                                      target='default')),
                ('imputer',
                 Simple_Imputer(categorical_strategy='not_available',
                                fill_value_categorical=None,
                                fill_value_numerical=None,
                                numeric_strategy='mean',
                                target_variable=None)),
                ('new_levels1',
                 New_Catagorical_Levels_in_TestData(replacement_strategy='...
                ('clean_names', Clean_Colum_Names()),
                ('feature_select', 'passthrough'), ('fix_multi', 'passthrough'),
                ('dfs', 'passthrough'), ('pca', 'passthrough'),
                ['trained_model',
                 RandomForestClassifier(bootstrap=False, class_weight={},
                                        criterion='entropy', max_depth=5,
                                        max_features=1.0,
                                        min_impurity_decrease=0.0002,
                                        min_samples_leaf=5,
                                        min_samples_split=10, n_estimators=150,
                                        n_jobs=-1, random_state=123)]]), probability_threshold=None, encoded_labels=True, drift_report=False, raw_score=False, round=0, verbose=True, ml_usecase=MLUsecase.REGRESSION, display=None, drift_kwargs=None)
2022-05-18 19:08:50,262:INFO:Checking exceptions
2022-05-18 19:08:50,262:INFO:Preloading libraries
2022-05-18 19:12:49,424:INFO:Initializing load_model()
2022-05-18 19:12:49,425:INFO:load_model(model_name=model, platform=None, authentication=None, verbose=True)
2022-05-18 19:12:53,812:INFO:Initializing load_model()
2022-05-18 19:12:53,812:INFO:load_model(model_name=model, platform=None, authentication=None, verbose=True)
2022-05-19 09:47:18,016:INFO:Initializing load_model()
2022-05-19 09:47:18,017:INFO:load_model(model_name=model, platform=None, authentication=None, verbose=True)
2022-05-19 09:47:22,843:INFO:Initializing load_model()
2022-05-19 09:47:22,843:INFO:load_model(model_name=model, platform=None, authentication=None, verbose=True)
2022-05-19 09:49:25,797:INFO:Initializing predict_model()
2022-05-19 09:49:25,797:INFO:predict_model(estimator=Pipeline(steps=[('dtypes',
                 DataTypes_Auto_infer(display_types=False,
                                      ml_usecase='classification',
                                      target='default')),
                ('imputer',
                 Simple_Imputer(categorical_strategy='not_available',
                                fill_value_categorical=None,
                                fill_value_numerical=None,
                                numeric_strategy='mean',
                                target_variable=None)),
                ('new_levels1',
                 New_Catagorical_Levels_in_TestData(replacement_strategy='...
                ('clean_names', Clean_Colum_Names()),
                ('feature_select', 'passthrough'), ('fix_multi', 'passthrough'),
                ('dfs', 'passthrough'), ('pca', 'passthrough'),
                ['trained_model',
                 RandomForestClassifier(bootstrap=False, class_weight={},
                                        criterion='entropy', max_depth=5,
                                        max_features=1.0,
                                        min_impurity_decrease=0.0002,
                                        min_samples_leaf=5,
                                        min_samples_split=10, n_estimators=150,
                                        n_jobs=-1, random_state=123)]]), probability_threshold=None, encoded_labels=True, drift_report=False, raw_score=False, round=0, verbose=True, ml_usecase=MLUsecase.REGRESSION, display=None, drift_kwargs=None)
2022-05-19 09:49:25,797:INFO:Checking exceptions
2022-05-19 09:49:25,797:INFO:Preloading libraries
2022-05-19 10:21:35,334:INFO:Initializing load_model()
2022-05-19 10:21:35,334:INFO:load_model(model_name=model, platform=None, authentication=None, verbose=True)
2022-05-19 10:21:39,961:INFO:Initializing load_model()
2022-05-19 10:21:39,962:INFO:load_model(model_name=model, platform=None, authentication=None, verbose=True)
2022-05-19 10:34:10,335:INFO:Initializing predict_model()
2022-05-19 10:34:10,335:INFO:predict_model(estimator=Pipeline(steps=[('dtypes',
                 DataTypes_Auto_infer(display_types=False,
                                      ml_usecase='classification',
                                      target='default')),
                ('imputer',
                 Simple_Imputer(categorical_strategy='not_available',
                                fill_value_categorical=None,
                                fill_value_numerical=None,
                                numeric_strategy='mean',
                                target_variable=None)),
                ('new_levels1',
                 New_Catagorical_Levels_in_TestData(replacement_strategy='...
                ('clean_names', Clean_Colum_Names()),
                ('feature_select', 'passthrough'), ('fix_multi', 'passthrough'),
                ('dfs', 'passthrough'), ('pca', 'passthrough'),
                ['trained_model',
                 RandomForestClassifier(bootstrap=False, class_weight={},
                                        criterion='entropy', max_depth=5,
                                        max_features=1.0,
                                        min_impurity_decrease=0.0002,
                                        min_samples_leaf=5,
                                        min_samples_split=10, n_estimators=150,
                                        n_jobs=-1, random_state=123)]]), probability_threshold=None, encoded_labels=True, drift_report=False, raw_score=False, round=0, verbose=True, ml_usecase=MLUsecase.REGRESSION, display=None, drift_kwargs=None)
2022-05-19 10:34:10,336:INFO:Checking exceptions
2022-05-19 10:34:10,336:INFO:Preloading libraries
2022-05-19 10:42:32,907:INFO:Initializing load_model()
2022-05-19 10:42:32,908:INFO:load_model(model_name=model, platform=None, authentication=None, verbose=True)
2022-05-19 10:42:37,468:INFO:Initializing load_model()
2022-05-19 10:42:37,469:INFO:load_model(model_name=model, platform=None, authentication=None, verbose=True)
2022-05-19 10:43:42,445:INFO:Initializing load_model()
2022-05-19 10:43:42,445:INFO:load_model(model_name=model, platform=None, authentication=None, verbose=True)
2022-05-19 10:43:47,097:INFO:Initializing load_model()
2022-05-19 10:43:47,098:INFO:load_model(model_name=model, platform=None, authentication=None, verbose=True)
2022-05-23 10:46:31,377:INFO:Initializing load_model()
2022-05-23 10:46:31,378:INFO:load_model(model_name=model, platform=None, authentication=None, verbose=True)
2022-05-23 10:46:35,762:INFO:Initializing load_model()
2022-05-23 10:46:35,763:INFO:load_model(model_name=model, platform=None, authentication=None, verbose=True)
